<?xml version="1.0" encoding="UTF-8"?>
<!-- Generated by org.testng.reporters.JUnitReportReporter -->
<testsuite skipped="1" hostname="DESKTOP-7M67OUT" name="tests.UserRegistrationTestWithDDTAndExcel" tests="2" failures="0" timestamp="2020-08-03T00:35:25 EET" time="5.906" errors="0">
  <testcase name="UserCanRegisterSuccessfully" time="0.000" classname="tests.UserRegistrationTestWithDDTAndExcel">
    <skipped/>
  </testcase> <!-- UserCanRegisterSuccessfully -->
  <system-out/>
  <testcase name="AssertTheProductValue" time="5.906" classname="tests.UserRegistrationTestWithDDTAndExcel"/>
  <system-out/>
</testsuite> <!-- tests.UserRegistrationTestWithDDTAndExcel -->
